2024-05-20 21:37:18.451 [info] Extension host with pid 1277 started
2024-05-20 21:37:18.790 [info] ExtensionService#_doActivateExtension vscode.git-base, startup: true, activationEvent: '*', root cause: vscode.git
2024-05-20 21:37:18.852 [info] ExtensionService#_doActivateExtension vscode.git, startup: true, activationEvent: '*'
2024-05-20 21:37:19.051 [info] ExtensionService#_doActivateExtension vscode.github, startup: true, activationEvent: '*'
2024-05-20 21:37:19.460 [info] Eager extensions activated
2024-05-20 21:37:19.542 [info] ExtensionService#_doActivateExtension vscode.debug-auto-launch, startup: false, activationEvent: 'onStartupFinished'
2024-05-20 21:37:19.545 [info] ExtensionService#_doActivateExtension vscode.merge-conflict, startup: false, activationEvent: 'onStartupFinished'
2024-05-20 21:39:10.706 [info] Extension host terminating: renderer closed the MessagePort
2024-05-20 21:39:10.725 [info] Extension host with pid 1277 exiting with code 0
2024-05-20 21:39:12.569 [info] Extension host with pid 1754 started
2024-05-20 21:39:12.569 [info] Skipping acquiring lock for /home/vivy/.config/Code - OSS/User/workspaceStorage/9e8a321f7b377c6b3eb9ac1e90f65fce.
2024-05-20 21:39:12.634 [info] ExtensionService#_doActivateExtension vscode.git-base, startup: true, activationEvent: '*'
2024-05-20 21:39:12.671 [info] ExtensionService#_doActivateExtension vscode.github, startup: true, activationEvent: '*'
2024-05-20 21:39:12.691 [info] Eager extensions activated
2024-05-20 21:39:12.719 [info] ExtensionService#_doActivateExtension vscode.debug-auto-launch, startup: false, activationEvent: 'onStartupFinished'
2024-05-20 21:39:12.732 [info] ExtensionService#_doActivateExtension vscode.merge-conflict, startup: false, activationEvent: 'onStartupFinished'
2024-05-20 21:39:16.939 [info] ExtensionService#_doActivateExtension vscode.git, startup: false, activationEvent: 'api', root cause: vscode.github
2024-05-20 21:39:25.340 [info] ExtensionService#_doActivateExtension vscode.emmet, startup: false, activationEvent: 'onLanguage'
2024-05-20 21:40:27.247 [info] Extension host terminating: renderer closed the MessagePort
2024-05-20 21:40:27.253 [info] Extension host with pid 1754 exiting with code 0
