2024-05-22 05:08:13.453 [info] Log level: Info
2024-05-22 05:08:13.453 [info] Validating found git in: "git"
2024-05-22 05:08:13.453 [info] Using git "2.45.1" from "git"
2024-05-22 05:08:13.453 [info] > git rev-parse --show-toplevel [7ms]
2024-05-22 05:08:13.453 [info] fatal: not a git repository (or any of the parent directories): .git
2024-05-22 05:08:13.453 [info] > git rev-parse --show-toplevel [28ms]
2024-05-22 05:08:13.453 [info] fatal: not a git repository (or any of the parent directories): .git
2024-05-22 05:08:13.458 [info] > git rev-parse --show-toplevel [29ms]
2024-05-22 05:08:13.458 [info] fatal: not a git repository (or any of the parent directories): .git
2024-05-22 05:08:13.488 [info] > git rev-parse --show-toplevel [4ms]
2024-05-22 05:08:13.488 [info] fatal: not a git repository (or any of the parent directories): .git
2024-05-22 05:08:13.518 [info] > git rev-parse --show-toplevel [9ms]
2024-05-22 05:08:13.518 [info] fatal: not a git repository (or any of the parent directories): .git
2024-05-22 05:08:13.545 [info] > git rev-parse --show-toplevel [4ms]
2024-05-22 05:08:13.545 [info] fatal: not a git repository (or any of the parent directories): .git
2024-05-22 05:08:13.607 [info] > git rev-parse --show-toplevel [47ms]
2024-05-22 05:08:13.607 [info] fatal: not a git repository (or any of the parent directories): .git
2024-05-22 05:08:13.631 [info] > git rev-parse --show-toplevel [11ms]
2024-05-22 05:08:13.632 [info] fatal: not a git repository (or any of the parent directories): .git
2024-05-22 05:08:13.645 [info] > git rev-parse --show-toplevel [1ms]
2024-05-22 05:08:13.645 [info] fatal: not a git repository (or any of the parent directories): .git
2024-05-22 05:08:13.663 [info] > git rev-parse --show-toplevel [7ms]
2024-05-22 05:08:13.663 [info] fatal: not a git repository (or any of the parent directories): .git
2024-05-22 05:08:13.704 [info] > git rev-parse --show-toplevel [8ms]
2024-05-22 05:08:13.704 [info] fatal: not a git repository (or any of the parent directories): .git
2024-05-22 05:08:13.748 [info] > git rev-parse --show-toplevel [36ms]
2024-05-22 05:08:13.748 [info] fatal: not a git repository (or any of the parent directories): .git
2024-05-22 05:08:13.857 [info] > git rev-parse --show-toplevel [1ms]
2024-05-22 05:08:13.857 [info] fatal: not a git repository (or any of the parent directories): .git
2024-05-22 05:08:14.596 [info] > git rev-parse --show-toplevel [9ms]
2024-05-22 05:08:14.597 [info] fatal: not a git repository (or any of the parent directories): .git
2024-05-22 05:10:07.582 [info] > git rev-parse --show-toplevel [1ms]
2024-05-22 05:10:07.582 [info] fatal: not a git repository (or any of the parent directories): .git
2024-05-22 05:12:15.227 [info] > git rev-parse --show-toplevel [2ms]
2024-05-22 05:12:15.227 [info] fatal: not a git repository (or any of the parent directories): .git
2024-05-22 05:12:32.957 [info] > git rev-parse --show-toplevel [8ms]
2024-05-22 05:12:32.957 [info] fatal: not a git repository (or any of the parent directories): .git
2024-05-22 05:12:56.801 [info] > git rev-parse --show-toplevel [12ms]
2024-05-22 05:12:56.802 [info] fatal: not a git repository (or any of the parent directories): .git
2024-05-22 05:14:31.778 [info] > git rev-parse --show-toplevel [14ms]
2024-05-22 05:14:31.778 [info] fatal: not a git repository (or any of the parent directories): .git
2024-05-22 05:14:32.943 [info] > git rev-parse --show-toplevel [5ms]
2024-05-22 05:14:32.943 [info] fatal: not a git repository (or any of the parent directories): .git
2024-05-22 05:17:08.331 [info] > git rev-parse --show-toplevel [3ms]
2024-05-22 05:17:08.331 [info] fatal: not a git repository (or any of the parent directories): .git
2024-05-22 05:17:08.806 [info] > git rev-parse --show-toplevel [3ms]
2024-05-22 05:17:08.806 [info] fatal: not a git repository (or any of the parent directories): .git
2024-05-22 05:18:35.316 [info] > git rev-parse --show-toplevel [4ms]
2024-05-22 05:18:35.316 [info] fatal: not a git repository (or any of the parent directories): .git
2024-05-22 05:20:50.189 [info] > git rev-parse --show-toplevel [16ms]
2024-05-22 05:20:50.214 [info] fatal: not a git repository (or any of the parent directories): .git
2024-05-22 05:20:51.027 [info] > git rev-parse --show-toplevel [21ms]
2024-05-22 05:20:51.027 [info] fatal: not a git repository (or any of the parent directories): .git
2024-05-22 05:21:13.490 [info] > git rev-parse --show-toplevel [1ms]
2024-05-22 05:21:13.491 [info] fatal: not a git repository (or any of the parent directories): .git
2024-05-22 05:21:14.122 [info] > git rev-parse --show-toplevel [4ms]
2024-05-22 05:21:14.122 [info] fatal: not a git repository (or any of the parent directories): .git
2024-05-22 05:23:07.795 [info] > git rev-parse --show-toplevel [4ms]
2024-05-22 05:23:07.795 [info] fatal: not a git repository (or any of the parent directories): .git
2024-05-22 05:30:57.547 [info] > git rev-parse --show-toplevel [6ms]
2024-05-22 05:30:57.548 [info] fatal: not a git repository (or any of the parent directories): .git
2024-05-22 05:30:59.245 [info] > git rev-parse --show-toplevel [5ms]
2024-05-22 05:30:59.245 [info] fatal: not a git repository (or any of the parent directories): .git
2024-05-22 05:31:00.872 [info] > git rev-parse --show-toplevel [3ms]
2024-05-22 05:31:00.872 [info] fatal: not a git repository (or any of the parent directories): .git
2024-05-22 05:31:05.504 [info] > git rev-parse --show-toplevel [9ms]
2024-05-22 05:31:05.504 [info] fatal: not a git repository (or any of the parent directories): .git
2024-05-22 05:31:58.467 [info] > git rev-parse --show-toplevel [2ms]
2024-05-22 05:31:58.467 [info] fatal: not a git repository (or any of the parent directories): .git
