2024-05-23 07:21:26.868 [info] Added views:workbench.panel.markers.view in workbench.panel.markers
2024-05-23 07:21:26.869 [info] Added views:workbench.panel.output in workbench.panel.output
2024-05-23 07:21:26.869 [info] Added views:terminal in terminal
2024-05-23 07:21:26.869 [info] Added views:outline in workbench.view.explorer
2024-05-23 07:21:26.869 [info] Added views:workbench.scm in workbench.view.scm
2024-05-23 07:21:26.869 [info] Added views:workbench.view.search in workbench.view.search
2024-05-23 07:21:26.869 [info] Added views:timeline in workbench.view.explorer
2024-05-23 07:21:26.869 [info] Added views:workbench.explorer.emptyView in workbench.view.explorer
2024-05-23 07:21:27.550 [info] Added views:workbench.debug.variablesView,workbench.debug.watchExpressionsView,workbench.debug.callStackView,workbench.debug.breakPointsView in workbench.view.debug
2024-05-23 07:21:28.622 [info] Added views:~remote.forwardedPorts in ~remote.forwardedPortsContainer
2024-05-23 07:21:30.254 [info] Added views:workbench.panel.repl.view in workbench.panel.repl
2024-05-23 07:21:30.255 [info] Removed views:workbench.debug.breakPointsView,workbench.debug.callStackView,workbench.debug.watchExpressionsView,workbench.debug.variablesView from workbench.view.debug
2024-05-23 07:21:30.255 [info] Added views:workbench.debug.welcome in workbench.view.debug
2024-05-23 07:21:42.705 [info] Added views:workbench.panel.markers.view in workbench.panel.markers
2024-05-23 07:21:42.705 [info] Added views:workbench.panel.output in workbench.panel.output
2024-05-23 07:21:42.705 [info] Added views:terminal in terminal
2024-05-23 07:21:42.705 [info] Added views:outline in workbench.view.explorer
2024-05-23 07:21:42.705 [info] Added views:workbench.scm in workbench.view.scm
2024-05-23 07:21:42.705 [info] Added views:workbench.view.search in workbench.view.search
2024-05-23 07:21:42.705 [info] Added views:timeline in workbench.view.explorer
2024-05-23 07:21:42.705 [info] Added views:workbench.explorer.fileView in workbench.view.explorer
2024-05-23 07:21:43.121 [info] Added views:workbench.debug.welcome in workbench.view.debug
2024-05-23 07:21:44.052 [info] Added views:workbench.panel.repl.view in workbench.panel.repl
2024-05-23 07:21:48.578 [info] Added views:~remote.forwardedPorts in ~remote.forwardedPortsContainer
2024-05-23 07:47:24.915 [info] Added views:workbench.views.extensions.installed,workbench.views.extensions.popular,extensions.recommendedList in workbench.view.extensions
2024-05-23 07:47:24.931 [info] Removed views:workbench.views.extensions.popular from workbench.view.extensions
2024-05-23 07:47:25.579 [info] Removed views:extensions.recommendedList,workbench.views.extensions.installed from workbench.view.extensions
2024-05-23 07:47:25.593 [info] Added views:workbench.views.extensions.marketplace in workbench.view.extensions
2024-05-23 07:49:42.101 [info] Added views:workbench.view.testing in workbench.view.extension.test
