2024-05-20 21:37:15.396 [debug] Error while reading the extension cache file: /home/vivy/.config/Code - OSS/CachedProfilesData/__default__profile__/extensions.builtin.cache Unable to read file 'vscode-userdata:/home/vivy/.config/Code - OSS/CachedProfilesData/__default__profile__/extensions.builtin.cache' (Error: Unable to resolve nonexistent file 'vscode-userdata:/home/vivy/.config/Code - OSS/CachedProfilesData/__default__profile__/extensions.builtin.cache')
2024-05-20 21:37:15.457 [debug] Error while reading the extension cache file: /home/vivy/.config/Code - OSS/CachedProfilesData/__default__profile__/extensions.user.cache Unable to read file 'vscode-userdata:/home/vivy/.config/Code - OSS/CachedProfilesData/__default__profile__/extensions.user.cache' (Error: Unable to resolve nonexistent file 'vscode-userdata:/home/vivy/.config/Code - OSS/CachedProfilesData/__default__profile__/extensions.user.cache')
2024-05-20 21:37:15.472 [debug] Could not get workspace hash for forwarded ports storage key.
2024-05-20 21:37:15.489 [info] Started local extension host with pid 1277.
2024-05-20 21:37:15.838 [info] Started initializing default profile extensions in extensions installation folder. file:///home/vivy/.vscode-oss/extensions
2024-05-20 21:37:16.213 [debug] Webview(1d5ea20a-e83e-4071-9ad2-c66f4ab2efb2): will update content
2024-05-20 21:37:16.242 [debug] Webview(6a68ce6c-b52f-4497-996f-da9533b7ee9a): will update content
2024-05-20 21:37:16.649 [debug] [Registering Log Channel] File does not exist. Waiting for 1s to retry. file:///home/vivy/.config/Code%20-%20OSS/logs/20240520T213709/terminal.log
2024-05-20 21:37:16.650 [debug] [Registering Log Channel] File does not exist. Waiting for 1s to retry. file:///home/vivy/.config/Code%20-%20OSS/logs/20240520T213709/remoteTunnelService.log
2024-05-20 21:37:16.651 [debug] [Registering Log Channel] File does not exist. Waiting for 1s to retry. file:///home/vivy/.config/Code%20-%20OSS/logs/20240520T213709/window1/notebook.rendering.log
2024-05-20 21:37:16.932 [debug] Webview(6a68ce6c-b52f-4497-996f-da9533b7ee9a): webview ready
2024-05-20 21:37:17.263 [debug] User data changed
2024-05-20 21:37:17.912 [debug] ComputeTargetPlatform: linux-x64
2024-05-20 21:37:17.962 [warning] Failed to create default profile extensions manifest in extensions installation folder. file:///home/vivy/.vscode-oss/extensions Unable to create file 'vscode-userdata:/home/vivy/.vscode-oss/extensions/extensions.json' that already exists when overwrite flag is not set
2024-05-20 21:37:17.963 [info] Completed initializing default profile extensions in extensions installation folder. file:///home/vivy/.vscode-oss/extensions
2024-05-20 21:37:17.993 [debug] Error while reading the extension cache file: /home/vivy/.config/Code - OSS/CachedProfilesData/__default__profile__/extensions.user.cache Unable to read file 'vscode-userdata:/home/vivy/.config/Code - OSS/CachedProfilesData/__default__profile__/extensions.user.cache' (Error: Unable to resolve nonexistent file 'vscode-userdata:/home/vivy/.config/Code - OSS/CachedProfilesData/__default__profile__/extensions.user.cache')
2024-05-20 21:37:18.056 [debug] [Registering Log Channel] File does not exist. Waiting for 1s to retry. file:///home/vivy/.config/Code%20-%20OSS/logs/20240520T213709/editSessions.log
2024-05-20 21:37:18.064 [debug] ADDED bridge agent "brigde.editor"
2024-05-20 21:37:18.080 [debug] loadLocalResource - begin. requestUri=file:///usr/lib/code/out/vs/workbench/contrib/welcomeGettingStarted/common/media/dark.png
2024-05-20 21:37:18.080 [debug] loadLocalResource - found resource to load. requestUri=file:///usr/lib/code/out/vs/workbench/contrib/welcomeGettingStarted/common/media/dark.png, resourceToLoad=file:///usr/lib/code/out/vs/workbench/contrib/welcomeGettingStarted/common/media/dark.png
2024-05-20 21:37:18.083 [debug] loadLocalResource - begin. requestUri=file:///usr/lib/code/out/vs/workbench/contrib/welcomeGettingStarted/common/media/light.png
2024-05-20 21:37:18.083 [debug] loadLocalResource - found resource to load. requestUri=file:///usr/lib/code/out/vs/workbench/contrib/welcomeGettingStarted/common/media/light.png, resourceToLoad=file:///usr/lib/code/out/vs/workbench/contrib/welcomeGettingStarted/common/media/light.png
2024-05-20 21:37:18.085 [debug] loadLocalResource - begin. requestUri=file:///usr/lib/code/out/vs/workbench/contrib/welcomeGettingStarted/common/media/dark-hc.png
2024-05-20 21:37:18.086 [debug] loadLocalResource - found resource to load. requestUri=file:///usr/lib/code/out/vs/workbench/contrib/welcomeGettingStarted/common/media/dark-hc.png, resourceToLoad=file:///usr/lib/code/out/vs/workbench/contrib/welcomeGettingStarted/common/media/dark-hc.png
2024-05-20 21:37:18.097 [debug] loadLocalResource - begin. requestUri=file:///usr/lib/code/out/vs/workbench/contrib/welcomeGettingStarted/common/media/light-hc.png
2024-05-20 21:37:18.097 [debug] loadLocalResource - found resource to load. requestUri=file:///usr/lib/code/out/vs/workbench/contrib/welcomeGettingStarted/common/media/light-hc.png, resourceToLoad=file:///usr/lib/code/out/vs/workbench/contrib/welcomeGettingStarted/common/media/light-hc.png
2024-05-20 21:37:19.614 [debug] Webview(6e6979fd-c598-4f24-a895-d9a0d868278a): will update content
2024-05-20 21:37:19.901 [debug] Webview(6e6979fd-c598-4f24-a895-d9a0d868278a): webview ready
2024-05-20 21:37:20.136 [debug] loadLocalResource - begin. requestUri=file:///usr/lib/code/out/vs/workbench/contrib/welcomeGettingStarted/common/media/dark.png
2024-05-20 21:37:20.151 [debug] loadLocalResource - found resource to load. requestUri=file:///usr/lib/code/out/vs/workbench/contrib/welcomeGettingStarted/common/media/dark.png, resourceToLoad=file:///usr/lib/code/out/vs/workbench/contrib/welcomeGettingStarted/common/media/dark.png
2024-05-20 21:37:20.164 [debug] loadLocalResource - begin. requestUri=file:///usr/lib/code/out/vs/workbench/contrib/welcomeGettingStarted/common/media/light.png
2024-05-20 21:37:20.166 [debug] loadLocalResource - found resource to load. requestUri=file:///usr/lib/code/out/vs/workbench/contrib/welcomeGettingStarted/common/media/light.png, resourceToLoad=file:///usr/lib/code/out/vs/workbench/contrib/welcomeGettingStarted/common/media/light.png
2024-05-20 21:37:20.173 [debug] loadLocalResource - begin. requestUri=file:///usr/lib/code/out/vs/workbench/contrib/welcomeGettingStarted/common/media/dark-hc.png
2024-05-20 21:37:20.177 [debug] loadLocalResource - found resource to load. requestUri=file:///usr/lib/code/out/vs/workbench/contrib/welcomeGettingStarted/common/media/dark-hc.png, resourceToLoad=file:///usr/lib/code/out/vs/workbench/contrib/welcomeGettingStarted/common/media/dark-hc.png
2024-05-20 21:37:20.183 [debug] loadLocalResource - begin. requestUri=file:///usr/lib/code/out/vs/workbench/contrib/welcomeGettingStarted/common/media/light-hc.png
2024-05-20 21:37:20.184 [debug] loadLocalResource - found resource to load. requestUri=file:///usr/lib/code/out/vs/workbench/contrib/welcomeGettingStarted/common/media/light-hc.png, resourceToLoad=file:///usr/lib/code/out/vs/workbench/contrib/welcomeGettingStarted/common/media/light-hc.png
2024-05-20 21:37:20.559 [debug] Comments: URIs of continue on comments to add to storage .
2024-05-20 21:37:20.560 [info] [perf] Render performance baseline is 89ms
2024-05-20 21:37:28.593 [debug] Comments: URIs of continue on comments to add to storage .
2024-05-20 21:37:44.847 [debug] Comments: URIs of continue on comments to add to storage .
2024-05-20 21:38:14.084 [debug] Comments: URIs of continue on comments to add to storage .
2024-05-20 21:38:15.379 [debug] Comments: URIs of continue on comments to add to storage .
2024-05-20 21:38:15.478 [debug] Webview(77ec9728-0f05-4da7-9945-8a9fa919f62b): will update content
2024-05-20 21:38:15.576 [debug] Webview(77ec9728-0f05-4da7-9945-8a9fa919f62b): webview ready
2024-05-20 21:38:15.692 [debug] loadLocalResource - begin. requestUri=file:///usr/lib/code/out/vs/workbench/contrib/welcomeGettingStarted/common/media/dark.png
2024-05-20 21:38:15.693 [debug] loadLocalResource - found resource to load. requestUri=file:///usr/lib/code/out/vs/workbench/contrib/welcomeGettingStarted/common/media/dark.png, resourceToLoad=file:///usr/lib/code/out/vs/workbench/contrib/welcomeGettingStarted/common/media/dark.png
2024-05-20 21:38:15.696 [debug] loadLocalResource - begin. requestUri=file:///usr/lib/code/out/vs/workbench/contrib/welcomeGettingStarted/common/media/light.png
2024-05-20 21:38:15.697 [debug] loadLocalResource - found resource to load. requestUri=file:///usr/lib/code/out/vs/workbench/contrib/welcomeGettingStarted/common/media/light.png, resourceToLoad=file:///usr/lib/code/out/vs/workbench/contrib/welcomeGettingStarted/common/media/light.png
2024-05-20 21:38:15.699 [debug] loadLocalResource - begin. requestUri=file:///usr/lib/code/out/vs/workbench/contrib/welcomeGettingStarted/common/media/dark-hc.png
2024-05-20 21:38:15.700 [debug] loadLocalResource - found resource to load. requestUri=file:///usr/lib/code/out/vs/workbench/contrib/welcomeGettingStarted/common/media/dark-hc.png, resourceToLoad=file:///usr/lib/code/out/vs/workbench/contrib/welcomeGettingStarted/common/media/dark-hc.png
2024-05-20 21:38:15.701 [debug] loadLocalResource - begin. requestUri=file:///usr/lib/code/out/vs/workbench/contrib/welcomeGettingStarted/common/media/light-hc.png
2024-05-20 21:38:15.701 [debug] loadLocalResource - found resource to load. requestUri=file:///usr/lib/code/out/vs/workbench/contrib/welcomeGettingStarted/common/media/light-hc.png, resourceToLoad=file:///usr/lib/code/out/vs/workbench/contrib/welcomeGettingStarted/common/media/light-hc.png
2024-05-20 21:38:36.503 [debug] Comments: URIs of continue on comments to add to storage .
2024-05-20 21:39:04.092 [debug] Comments: URIs of continue on comments to add to storage .
2024-05-20 21:39:07.532 [debug] Comments: URIs of continue on comments to add to storage .
2024-05-20 21:39:08.561 [debug] Webview(c4f24d23-b86c-433f-8457-cb638cf792ff): will update content
2024-05-20 21:39:08.696 [debug] Webview(031fdaaf-4014-4c6d-a580-95accea7fad8): will update content
2024-05-20 21:39:08.781 [debug] Webview(073dfe37-262c-4b54-ad33-05250e14506d): will update content
2024-05-20 21:39:08.983 [debug] Webview(073dfe37-262c-4b54-ad33-05250e14506d): webview ready
2024-05-20 21:39:09.179 [debug] loadLocalResource - begin. requestUri=file:///usr/lib/code/out/vs/workbench/contrib/welcomeGettingStarted/common/media/dark.png
2024-05-20 21:39:09.180 [debug] loadLocalResource - found resource to load. requestUri=file:///usr/lib/code/out/vs/workbench/contrib/welcomeGettingStarted/common/media/dark.png, resourceToLoad=file:///usr/lib/code/out/vs/workbench/contrib/welcomeGettingStarted/common/media/dark.png
2024-05-20 21:39:09.180 [debug] loadLocalResource - begin. requestUri=file:///usr/lib/code/out/vs/workbench/contrib/welcomeGettingStarted/common/media/light.png
2024-05-20 21:39:09.181 [debug] loadLocalResource - found resource to load. requestUri=file:///usr/lib/code/out/vs/workbench/contrib/welcomeGettingStarted/common/media/light.png, resourceToLoad=file:///usr/lib/code/out/vs/workbench/contrib/welcomeGettingStarted/common/media/light.png
2024-05-20 21:39:09.182 [debug] loadLocalResource - begin. requestUri=file:///usr/lib/code/out/vs/workbench/contrib/welcomeGettingStarted/common/media/dark-hc.png
2024-05-20 21:39:09.182 [debug] loadLocalResource - found resource to load. requestUri=file:///usr/lib/code/out/vs/workbench/contrib/welcomeGettingStarted/common/media/dark-hc.png, resourceToLoad=file:///usr/lib/code/out/vs/workbench/contrib/welcomeGettingStarted/common/media/dark-hc.png
2024-05-20 21:39:09.184 [debug] loadLocalResource - begin. requestUri=file:///usr/lib/code/out/vs/workbench/contrib/welcomeGettingStarted/common/media/light-hc.png
2024-05-20 21:39:09.184 [debug] loadLocalResource - found resource to load. requestUri=file:///usr/lib/code/out/vs/workbench/contrib/welcomeGettingStarted/common/media/light-hc.png, resourceToLoad=file:///usr/lib/code/out/vs/workbench/contrib/welcomeGettingStarted/common/media/light-hc.png
2024-05-20 21:39:09.852 [debug] Comments: URIs of continue on comments to add to storage .
2024-05-20 21:39:10.641 [debug] Webview(2864185c-9c11-4516-9b36-9c26dc173c58): will update content
2024-05-20 21:39:10.694 [debug] Comments: URIs of continue on comments to add to storage .
2024-05-20 21:39:12.056 [info] Started local extension host with pid 1754.
2024-05-20 21:39:12.135 [debug] Using cached extensions scan result file:///usr/lib/code/extensions
2024-05-20 21:39:12.180 [debug] ComputeTargetPlatform: linux-x64
2024-05-20 21:39:12.998 [debug] Webview(2ae3c80c-c2eb-45ee-a350-1f2e43f2871c): will update content
2024-05-20 21:39:13.015 [debug] Webview(31479a80-0ef7-4f79-a35e-f463256ba788): will update content
2024-05-20 21:39:13.068 [debug] User data changed
2024-05-20 21:39:13.109 [debug] ADDED bridge agent "brigde.editor"
2024-05-20 21:39:13.229 [debug] Webview(31479a80-0ef7-4f79-a35e-f463256ba788): webview ready
2024-05-20 21:39:13.250 [debug] User data changed
2024-05-20 21:39:13.446 [debug] loadLocalResource - begin. requestUri=file:///usr/lib/code/out/vs/workbench/contrib/welcomeGettingStarted/common/media/dark.png
2024-05-20 21:39:13.447 [debug] loadLocalResource - found resource to load. requestUri=file:///usr/lib/code/out/vs/workbench/contrib/welcomeGettingStarted/common/media/dark.png, resourceToLoad=file:///usr/lib/code/out/vs/workbench/contrib/welcomeGettingStarted/common/media/dark.png
2024-05-20 21:39:13.451 [debug] loadLocalResource - begin. requestUri=file:///usr/lib/code/out/vs/workbench/contrib/welcomeGettingStarted/common/media/light.png
2024-05-20 21:39:13.455 [debug] loadLocalResource - found resource to load. requestUri=file:///usr/lib/code/out/vs/workbench/contrib/welcomeGettingStarted/common/media/light.png, resourceToLoad=file:///usr/lib/code/out/vs/workbench/contrib/welcomeGettingStarted/common/media/light.png
2024-05-20 21:39:13.461 [debug] loadLocalResource - begin. requestUri=file:///usr/lib/code/out/vs/workbench/contrib/welcomeGettingStarted/common/media/dark-hc.png
2024-05-20 21:39:13.461 [debug] loadLocalResource - found resource to load. requestUri=file:///usr/lib/code/out/vs/workbench/contrib/welcomeGettingStarted/common/media/dark-hc.png, resourceToLoad=file:///usr/lib/code/out/vs/workbench/contrib/welcomeGettingStarted/common/media/dark-hc.png
2024-05-20 21:39:13.468 [debug] loadLocalResource - begin. requestUri=file:///usr/lib/code/out/vs/workbench/contrib/welcomeGettingStarted/common/media/light-hc.png
2024-05-20 21:39:13.470 [debug] loadLocalResource - found resource to load. requestUri=file:///usr/lib/code/out/vs/workbench/contrib/welcomeGettingStarted/common/media/light-hc.png, resourceToLoad=file:///usr/lib/code/out/vs/workbench/contrib/welcomeGettingStarted/common/media/light-hc.png
2024-05-20 21:39:13.663 [debug] User data changed
2024-05-20 21:39:13.785 [debug] Webview(18fd70f2-793d-4437-894e-00408a7c995a): will update content
2024-05-20 21:39:13.837 [debug] User data changed
2024-05-20 21:39:13.885 [debug] User data changed
2024-05-20 21:39:14.086 [debug] Webview(c489595d-68b0-4986-92d5-303b5696b8b9): will update content
2024-05-20 21:39:14.242 [debug] Webview(5a8cbf16-bbdb-4e96-9179-da1ac084c4c6): will update content
2024-05-20 21:39:14.366 [debug] Webview(5a8cbf16-bbdb-4e96-9179-da1ac084c4c6): webview ready
2024-05-20 21:39:14.497 [debug] loadLocalResource - begin. requestUri=file:///usr/lib/code/out/vs/workbench/contrib/welcomeGettingStarted/common/media/dark.png
2024-05-20 21:39:14.501 [debug] loadLocalResource - found resource to load. requestUri=file:///usr/lib/code/out/vs/workbench/contrib/welcomeGettingStarted/common/media/dark.png, resourceToLoad=file:///usr/lib/code/out/vs/workbench/contrib/welcomeGettingStarted/common/media/dark.png
2024-05-20 21:39:14.502 [debug] loadLocalResource - begin. requestUri=file:///usr/lib/code/out/vs/workbench/contrib/welcomeGettingStarted/common/media/light.png
2024-05-20 21:39:14.503 [debug] loadLocalResource - found resource to load. requestUri=file:///usr/lib/code/out/vs/workbench/contrib/welcomeGettingStarted/common/media/light.png, resourceToLoad=file:///usr/lib/code/out/vs/workbench/contrib/welcomeGettingStarted/common/media/light.png
2024-05-20 21:39:14.504 [debug] loadLocalResource - begin. requestUri=file:///usr/lib/code/out/vs/workbench/contrib/welcomeGettingStarted/common/media/dark-hc.png
2024-05-20 21:39:14.504 [debug] loadLocalResource - found resource to load. requestUri=file:///usr/lib/code/out/vs/workbench/contrib/welcomeGettingStarted/common/media/dark-hc.png, resourceToLoad=file:///usr/lib/code/out/vs/workbench/contrib/welcomeGettingStarted/common/media/dark-hc.png
2024-05-20 21:39:14.506 [debug] loadLocalResource - begin. requestUri=file:///usr/lib/code/out/vs/workbench/contrib/welcomeGettingStarted/common/media/light-hc.png
2024-05-20 21:39:14.506 [debug] loadLocalResource - found resource to load. requestUri=file:///usr/lib/code/out/vs/workbench/contrib/welcomeGettingStarted/common/media/light-hc.png, resourceToLoad=file:///usr/lib/code/out/vs/workbench/contrib/welcomeGettingStarted/common/media/light-hc.png
2024-05-20 21:39:14.806 [debug] Webview(18fba32c-af7d-48fd-a120-b0fd0555d353): will update content
2024-05-20 21:39:14.967 [debug] Webview(18fba32c-af7d-48fd-a120-b0fd0555d353): webview ready
2024-05-20 21:39:15.053 [info] [perf] Render performance baseline is 74ms
2024-05-20 21:39:15.646 [debug] loadLocalResource - begin. requestUri=file:///usr/lib/code/out/vs/workbench/contrib/welcomeGettingStarted/common/media/dark.png
2024-05-20 21:39:15.647 [debug] loadLocalResource - found resource to load. requestUri=file:///usr/lib/code/out/vs/workbench/contrib/welcomeGettingStarted/common/media/dark.png, resourceToLoad=file:///usr/lib/code/out/vs/workbench/contrib/welcomeGettingStarted/common/media/dark.png
2024-05-20 21:39:15.733 [debug] loadLocalResource - begin. requestUri=file:///usr/lib/code/out/vs/workbench/contrib/welcomeGettingStarted/common/media/light.png
2024-05-20 21:39:15.734 [debug] loadLocalResource - found resource to load. requestUri=file:///usr/lib/code/out/vs/workbench/contrib/welcomeGettingStarted/common/media/light.png, resourceToLoad=file:///usr/lib/code/out/vs/workbench/contrib/welcomeGettingStarted/common/media/light.png
2024-05-20 21:39:15.736 [debug] loadLocalResource - begin. requestUri=file:///usr/lib/code/out/vs/workbench/contrib/welcomeGettingStarted/common/media/dark-hc.png
2024-05-20 21:39:15.736 [debug] loadLocalResource - found resource to load. requestUri=file:///usr/lib/code/out/vs/workbench/contrib/welcomeGettingStarted/common/media/dark-hc.png, resourceToLoad=file:///usr/lib/code/out/vs/workbench/contrib/welcomeGettingStarted/common/media/dark-hc.png
2024-05-20 21:39:15.747 [debug] loadLocalResource - begin. requestUri=file:///usr/lib/code/out/vs/workbench/contrib/welcomeGettingStarted/common/media/light-hc.png
2024-05-20 21:39:15.748 [debug] loadLocalResource - found resource to load. requestUri=file:///usr/lib/code/out/vs/workbench/contrib/welcomeGettingStarted/common/media/light-hc.png, resourceToLoad=file:///usr/lib/code/out/vs/workbench/contrib/welcomeGettingStarted/common/media/light-hc.png
2024-05-20 21:39:17.321 [debug] User data changed
2024-05-20 21:39:17.423 [debug] User data changed
2024-05-20 21:39:18.318 [debug] User data changed
2024-05-20 21:39:18.522 [debug] User data changed
2024-05-20 21:39:25.058 [debug] _performFileEdits [{"newResource":{"$mid":1,"path":"/home/vivy/.config/code-fflas","scheme":"file"},"options":{"folder":false}}]
2024-05-20 21:39:25.613 [debug] User data changed
2024-05-20 21:39:25.788 [debug] User data changed
2024-05-20 21:39:38.339 [debug] _performFileEdits [{"oldResource":{"$mid":1,"fsPath":"/home/vivy/.config/code-fflas","external":"file:///home/vivy/.config/code-fflas","path":"/home/vivy/.config/code-fflas","scheme":"file"},"newResource":{"$mid":1,"external":"file:///home/vivy/.config/code-flags.conf","path":"/home/vivy/.config/code-flags.conf","scheme":"file"},"options":{}}]
2024-05-20 21:39:39.069 [debug] User data changed
2024-05-20 21:39:48.721 [debug] User data changed
2024-05-20 21:39:48.902 [debug] User data changed
2024-05-20 21:39:50.485 [debug] Comments: URIs of continue on comments to add to storage .
2024-05-20 21:39:50.715 [debug] User data changed
2024-05-20 21:39:50.848 [debug] User data changed
2024-05-20 21:39:53.913 [debug] Comments: URIs of continue on comments to add to storage .
2024-05-20 21:39:57.768 [debug] Comments: URIs of continue on comments to add to storage .
2024-05-20 21:39:58.102 [debug] User data changed
2024-05-20 21:39:58.238 [debug] User data changed
2024-05-20 21:40:08.962 [debug] Comments: URIs of continue on comments to add to storage .
2024-05-20 21:40:09.315 [debug] User data changed
2024-05-20 21:40:09.400 [debug] User data changed
2024-05-20 21:40:11.443 [debug] Comments: URIs of continue on comments to add to storage .
2024-05-20 21:40:14.921 [debug] User data changed
2024-05-20 21:40:15.297 [debug] User data changed
2024-05-20 21:40:15.636 [debug] Comments: URIs of continue on comments to add to storage .
2024-05-20 21:40:16.074 [debug] User data changed
2024-05-20 21:40:18.543 [debug] User data changed
2024-05-20 21:40:18.591 [debug] User data changed
2024-05-20 21:40:19.257 [debug] User data changed
2024-05-20 21:40:19.562 [debug] User data changed
2024-05-20 21:40:19.719 [debug] User data changed
2024-05-20 21:40:20.320 [debug] User data changed
2024-05-20 21:40:20.475 [debug] User data changed
2024-05-20 21:40:20.959 [debug] Comments: URIs of continue on comments to add to storage .
2024-05-20 21:40:21.143 [debug] User data changed
2024-05-20 21:40:21.476 [debug] User data changed
2024-05-20 21:40:21.633 [debug] User data changed
2024-05-20 21:40:22.087 [debug] User data changed
2024-05-20 21:40:22.650 [debug] User data changed
2024-05-20 21:40:23.297 [debug] User data changed
2024-05-20 21:40:23.437 [debug] User data changed
2024-05-20 21:40:23.756 [debug] User data changed
2024-05-20 21:40:24.191 [debug] User data changed
2024-05-20 21:40:24.327 [debug] User data changed
2024-05-20 21:40:24.992 [debug] User data changed
2024-05-20 21:40:25.203 [debug] User data changed
2024-05-20 21:40:25.345 [debug] User data changed
2024-05-20 21:40:25.440 [debug] User data changed
2024-05-20 21:40:25.582 [debug] User data changed
2024-05-20 21:40:27.206 [debug] Comments: URIs of continue on comments to add to storage .
