2024-05-20 21:37:19.236 [info] Log level: Debug
2024-05-20 21:37:19.236 [info] Validating found git in: "git"
2024-05-20 21:37:19.443 [info] Using git "2.45.1" from "git"
2024-05-20 21:39:17.084 [info] Log level: Debug
2024-05-20 21:39:17.084 [info] Validating found git in: "git"
2024-05-20 21:39:17.084 [info] Using git "2.45.1" from "git"
2024-05-20 21:39:17.106 [info] > git rev-parse --show-toplevel [36ms]
2024-05-20 21:39:17.106 [info] fatal: not a git repository (or any of the parent directories): .git
2024-05-20 21:39:17.118 [info] > git rev-parse --show-toplevel [3ms]
2024-05-20 21:39:17.118 [info] fatal: not a git repository (or any of the parent directories): .git
2024-05-20 21:39:17.131 [info] > git rev-parse --show-toplevel [5ms]
2024-05-20 21:39:17.131 [info] fatal: not a git repository (or any of the parent directories): .git
2024-05-20 21:39:17.145 [info] > git rev-parse --show-toplevel [3ms]
2024-05-20 21:39:17.145 [info] fatal: not a git repository (or any of the parent directories): .git
2024-05-20 21:39:17.161 [info] > git rev-parse --show-toplevel [5ms]
2024-05-20 21:39:17.162 [info] fatal: not a git repository (or any of the parent directories): .git
2024-05-20 21:39:17.185 [info] > git rev-parse --show-toplevel [4ms]
2024-05-20 21:39:17.185 [info] fatal: not a git repository (or any of the parent directories): .git
2024-05-20 21:39:25.239 [info] > git rev-parse --show-toplevel [5ms]
2024-05-20 21:39:25.239 [info] fatal: not a git repository (or any of the parent directories): .git
2024-05-20 21:39:38.519 [info] > git rev-parse --show-toplevel [4ms]
2024-05-20 21:39:38.519 [info] fatal: not a git repository (or any of the parent directories): .git
